<?xml version="1.0" encoding="UTF-8"?>
<!-- Generated by org.testng.reporters.JUnitXMLReporter -->
<testsuite ignored="0" hostname="DESKTOP-5BKKI8L" failures="0" tests="3" name="Default test" time="34.606" errors="0" timestamp="2024-04-16T00:14:25 PDT">
  <testcase classname="com.allianz.test.LoginTest" name="invalidLoginTest" time="2.519"/>
  <testcase classname="com.allianz.test.LoginTest" name="invalidLoginTest" time="2.153"/>
  <testcase classname="com.allianz.test.LoginTest" name="validLoginTest" time="4.079"/>
</testsuite> <!-- Default test -->
