<?xml version="1.0" encoding="UTF-8"?>
<!-- Generated by org.testng.reporters.JUnitXMLReporter -->
<testsuite ignored="1" hostname="DESKTOP-5BKKI8L" failures="0" tests="2" name="Default test" time="43.325" errors="0" timestamp="2024-04-22T23:51:46 PDT">
  <testcase classname="com.allianz.test.LoginTest" name="invalidLoginTest" time="3.076"/>
  <testcase classname="com.allianz.test.LoginTest" name="invalidLoginTest" time="3.701"/>
  <testcase classname="com.allianz.test.LoginTest" name="validLoginTest" time="0.0">
    <ignored/>
  </testcase> <!-- validLoginTest -->
</testsuite> <!-- Default test -->
