<?xml version="1.0" encoding="UTF-8"?>
<testng-results ignored="0" total="1" passed="1" failed="0" skipped="0">
  <reporter-output>
  </reporter-output>
  <suite started-at="2024-04-17T23:16:35 PDT" name="Default suite" finished-at="2024-04-17T23:16:57 PDT" duration-ms="21519">
    <groups>
    </groups>
    <test started-at="2024-04-17T23:16:35 PDT" name="Default test" finished-at="2024-04-17T23:16:57 PDT" duration-ms="21519">
      <class name="com.allianz.test.AddEmployeeTest">
        <test-method is-config="true" signature="setup()[pri:0, instance:com.allianz.test.AddEmployeeTest@29215f06]" started-at="2024-04-17T23:16:35 PDT" name="setup" finished-at="2024-04-17T23:16:48 PDT" duration-ms="12557" status="PASS">
          <reporter-output>
          </reporter-output>
        </test-method> <!-- setup -->
        <test-method signature="addEmployee()[pri:0, instance:com.allianz.test.AddEmployeeTest@29215f06]" started-at="2024-04-17T23:16:48 PDT" name="addEmployee" finished-at="2024-04-17T23:16:57 PDT" duration-ms="8782" status="PASS">
          <reporter-output>
          </reporter-output>
        </test-method> <!-- addEmployee -->
        <test-method is-config="true" signature="teardown()[pri:0, instance:com.allianz.test.AddEmployeeTest@29215f06]" started-at="2024-04-17T23:16:57 PDT" name="teardown" finished-at="2024-04-17T23:16:57 PDT" duration-ms="1" status="PASS">
          <reporter-output>
          </reporter-output>
        </test-method> <!-- teardown -->
      </class> <!-- com.allianz.test.AddEmployeeTest -->
    </test> <!-- Default test -->
  </suite> <!-- Default suite -->
</testng-results>
